<?xml version="1.0" encoding="UTF-8"?>
<testng-results ignored="0" total="1" passed="1" failed="0" skipped="0">
  <reporter-output>
  </reporter-output>
  <suite started-at="2023-06-27T17:54:11 IST" name="Default suite" finished-at="2023-06-27T17:54:16 IST" duration-ms="4428">
    <groups>
    </groups>
    <test started-at="2023-06-27T17:54:11 IST" name="Default test" finished-at="2023-06-27T17:54:16 IST" duration-ms="4428">
      <class name="Pdfreading">
        <test-method signature="readPdf()[pri:0, instance:Pdfreading@750e2b97]" started-at="2023-06-27T17:54:12 IST" name="readPdf" finished-at="2023-06-27T17:54:16 IST" duration-ms="4356" status="PASS">
          <reporter-output>
          </reporter-output>
        </test-method> <!-- readPdf -->
      </class> <!-- Pdfreading -->
    </test> <!-- Default test -->
  </suite> <!-- Default suite -->
</testng-results>
