<?xml version="1.0" encoding="UTF-8"?>
<testng-results ignored="0" total="2" passed="2" failed="0" skipped="0">
  <reporter-output>
  </reporter-output>
  <suite started-at="2023-06-15T10:27:41 IST" name="Default suite" finished-at="2023-06-15T10:27:42 IST" duration-ms="107">
    <groups>
    </groups>
    <test started-at="2023-06-15T10:27:41 IST" name="Default test" finished-at="2023-06-15T10:27:42 IST" duration-ms="107">
      <class name="xyz3">
        <test-method signature="adserf()[pri:0, instance:xyz3@3c77d488]" started-at="2023-06-15T10:27:42 IST" name="adserf" finished-at="2023-06-15T10:27:42 IST" duration-ms="14" status="PASS">
          <reporter-output>
          </reporter-output>
        </test-method> <!-- adserf -->
        <test-method signature="aesrddsf()[pri:1, instance:xyz3@3c77d488]" started-at="2023-06-15T10:27:42 IST" name="aesrddsf" finished-at="2023-06-15T10:27:42 IST" duration-ms="2" status="PASS">
          <reporter-output>
          </reporter-output>
        </test-method> <!-- aesrddsf -->
      </class> <!-- xyz3 -->
    </test> <!-- Default test -->
  </suite> <!-- Default suite -->
</testng-results>
